0:100  0:100  MemLog inited, TSC freq: 1795919914
0:100  0:000  
0:100  0:000  Now is 24.11.2016,  20:0:36 (GMT)
0:100  0:000  Starting Clover revision: 3773 on Phoenix Technologies Ltd. EFI
0:100  0:000  Build with: [Args: --no-lto -D NO_GRUB_DRIVERS_EMBEDDED | -D DISABLE_LTO -D NO_GRUB_DRIVERS_EMBEDDED -D USE_LOW_EBDA -a X64 -b RELEASE -t XCODE5 -n 5 | OS: 10.12.1 | XCODE: 8.0]
0:100  0:000  SelfDevicePath=PciRoot(0x0)\Pci(0x1F,0x2)\Sata(0x0,0x0,0x0)\HD(1,GPT,7CF9E136-C7C3-49B1-9C90-631DB0C8CE13,0x28,0x64000) @C7D15C98
0:100  0:000  SelfDirPath = \EFI\BOOT
0:100  0:000  === [ Get Smbios ] ========================================
0:100  0:000  Total Memory Slots Count = 4
0:100  0:000  Type 17 Index = 0
0:100  0:000  SmbiosTable.Type17->Speed = 1600MHz
0:100  0:000  SmbiosTable.Type17->Size = 8192MB
0:100  0:000  SmbiosTable.Type17->Bank/Device = BANK 0 ChannelA-DIMM0
0:100  0:000  SmbiosTable.Type17->Vendor = Kingston
0:100  0:000  SmbiosTable.Type17->SerialNumber = 5B2C36DC
0:100  0:000  SmbiosTable.Type17->PartNumber = 99U5428-063.A00LF 
0:100  0:000  Type 17 Index = 1
0:100  0:000  Ignoring insane frequency value 0MHz
0:100  0:000  SmbiosTable.Type17->Speed = 0MHz
0:100  0:000  SmbiosTable.Type17->Size = 0MB
0:100  0:000  SmbiosTable.Type17->Bank/Device = BANK 1 ChannelA-DIMM1
0:100  0:000  SmbiosTable.Type17->Vendor = <null string>
0:100  0:000  SmbiosTable.Type17->SerialNumber = <null string>
0:100  0:000  SmbiosTable.Type17->PartNumber = <null string>
0:100  0:000  Type 17 Index = 2
0:100  0:000  SmbiosTable.Type17->Speed = 1600MHz
0:100  0:000  SmbiosTable.Type17->Size = 4096MB
0:100  0:000  SmbiosTable.Type17->Bank/Device = BANK 2 ChannelB-DIMM0
0:100  0:000  SmbiosTable.Type17->Vendor = Elpida
0:100  0:000  SmbiosTable.Type17->SerialNumber = 10C2176B
0:100  0:000  SmbiosTable.Type17->PartNumber = EBJ40UG8BBU0-GN-F 
0:100  0:000  Type 17 Index = 3
0:100  0:000  Ignoring insane frequency value 0MHz
0:100  0:000  SmbiosTable.Type17->Speed = 0MHz
0:100  0:000  SmbiosTable.Type17->Size = 0MB
0:100  0:000  SmbiosTable.Type17->Bank/Device = BANK 3 ChannelB-DIMM1
0:100  0:000  SmbiosTable.Type17->Vendor = <null string>
0:100  0:000  SmbiosTable.Type17->SerialNumber = <null string>
0:100  0:000  SmbiosTable.Type17->PartNumber = <null string>
0:100  0:000  Boot status=0
0:100  0:000  Running on: 'Aspire V5-471G' with board 'Aspire V5-471G'
0:100  0:000  === [ GetCPUProperties ] ==================================
0:100  0:000  CPU Vendor = 756E6547 Model=306A9
0:100  0:000  got cores from CPUID_1 = 0
0:100  0:000  The CPU supported turbo
0:100  0:000  BrandString = Intel(R) Core(TM) i3-3217U CPU @ 1.80GHz
0:100  0:000  MSR 0xE2 before patch 1E008404
0:100  0:000  MSR 0xE2 is locked, PM patches will be turned on
0:100  0:000  MSR 0xE4              00020414
0:100  0:000  MSR 0xCE              00080813_E0011200
0:100  0:000  non-usable FLEX_RATIO = 110000
0:100  0:000  corrected FLEX_RATIO = 100000
0:100  0:000  MSR 0x1B0             00000000
0:100  0:000  FSBFrequency=100MHz DMIvalue=100000kHz
0:100  0:000  Corrected FSBFrequency=100MHz
0:100  0:000  Vendor/Model/Stepping: 0x756E6547/0x3A/0x9
0:100  0:000  Family/ExtFamily: 0x6/0x0
0:100  0:000  MaxDiv/MinDiv: 18.0/8
0:100  0:000  Turbo: 18/18/18/18
0:100  0:000  Features: 0xBFEBFBFF
0:100  0:000  Threads: 4
0:100  0:000  Cores: 2
0:100  0:000  FSB: 100 MHz
0:100  0:000  CPU: 1800 MHz
0:100  0:000  TSC: 1800 MHz
0:100  0:000  PIS: 400 MHz
0:100  0:000  === [ GetDevices ] ========================================
0:100  0:000  PCI (00|00:02.00) : 8086 0166 class=030000
0:100  0:000   - GFX: Model=Intel HD Graphics 4000 (Intel)
0:100  0:000  PCI (00|00:1C.00) : 8086 1E10 class=060400
0:100  0:000  PCI (00|00:1C.02) : 8086 1E14 class=060400
0:100  0:000  PCI (00|02:00.00) : 10EC 5289 class=FF0000
0:100  0:000  PCI (00|00:1C.03) : 8086 1E16 class=060400
0:100  0:000  PCI (00|03:00.00) : 168C 0034 class=028000
0:100  0:000   - WIFI: Vendor=Atheros
0:100  0:000  PCI (00|00:14.00) : 8086 1E31 class=0C0330
0:100  0:000  PCI (00|00:1F.00) : 8086 1E57 class=060100
0:100  0:000  PCI (00|00:1A.00) : 8086 1E2D class=0C0320
0:100  0:000  PCI (00|00:1D.00) : 8086 1E26 class=0C0320
0:100  0:000  PCI (00|00:00.00) : 8086 0154 class=060000
0:100  0:000  PCI (00|00:16.00) : 8086 1E3A class=078000
0:100  0:000  PCI (00|00:16.01) : FFFF FFFF class=FFFFFF
0:100  0:000  PCI (00|00:16.02) : FFFF FFFF class=FFFFFF
0:100  0:000  PCI (00|00:16.03) : FFFF FFFF class=FFFFFF
0:100  0:000  PCI (00|00:1B.00) : 8086 1E20 class=040300
0:100  0:000  PCI (00|02:00.02) : 10EC 8168 class=020000
0:100  0:000   - LAN: 0 Vendor=Realtek
0:100  0:000  PCI (00|00:1F.02) : 8086 1E03 class=010601
0:100  0:000  PCI (00|00:1F.03) : 8086 1E22 class=0C0500
0:100  0:000  PCI (00|00:1F.06) : FFFF FFFF class=FFFFFF
0:100  0:000  === [ GetDefaultSettings ] ================================
0:100  0:000  Clover load options size = 16 bytes
0:100  0:000   - found plist string = , parse XML in LoadOptions
0:100  0:000    - [!] xml in load options is bad
0:102  0:002  , Status=Success
0:102  0:000  EFI\CLOVER\config.plist loaded: Success
0:102  0:000  === [ GetListOfThemes ] ===================================
0:103  0:000  - [00]: bluemac
0:103  0:000  - [01]: embedded
0:104  0:000  - [01]: random
0:104  0:000  - [01]: universe
0:105  0:000  - [02]: yosemitelogin
0:105  0:000  === [ GetEarlyUserSettings ] ==============================
0:105  0:000  timeout set to 10
0:105  0:000  Custom boot CUSTOM_BOOT_DISABLED (0x0)
0:105  0:000  KextsToPatch: 6 requested
0:105  0:000   - [00]: AppleAHCIPort (External icons patch) :: BinPatch :: data len: 8
0:105  0:000   - [01]: AppleHDAController (10.9-10.11-HD4600_HDMI_Audio-1of2) :: BinPatch :: data len: 5
0:105  0:000   - [02]: AppleIntelFramebufferCapri (10.10-10.11-Capri-Port _0x5-DP2HDMI) :: BinPatch :: data len: 12
0:105  0:000   - [03]: AppleIntelFramebufferCapri (10.10-10.11-Capri-Port _0x7-HDMI2DP) :: BinPatch :: data len: 12
0:105  0:000   - [04]: AppleHDAController (10.9-10.11-HD4600_HDMI_Audio-2of2) :: BinPatch :: data len: 5
0:105  0:000   - [05]: AppleIntelFramebufferCapri (10.10-10.11-Capri-Port _0x6-DP2HDMI) :: BinPatch :: data len: 12
0:105  0:000  Default theme: yosemitelogin
0:105  0:000  Hiding entries with string Windows
0:105  0:000  Hiding entries with string \EFI\BOOT\BOOTX64.EFI
0:105  0:000  === [ LoadDrivers ] =======================================
0:106  0:000  Loading EmuVariableUefi-64.efi  status=Success
0:106  0:000  EmuVariableUefi Initialize: VariableCommonInitialize = Success, orig services stored, install gEmuVariableControlProtocolGuid = Success
0:106  0:000  Loading FSInject-64.efi  status=Success
0:107  0:000  Loading HFSPlus.efi  status=Success
0:107  0:000   - driver needs connecting
0:107  0:000  Loading OsxAptioFixDrv-64.efi  status=Success
0:107  0:000  Loading PartitionDxe-64.efi  status=Success
0:108  0:000   - driver needs connecting
0:108  0:000  Loading OsxFatBinaryDrv-64.efi  status=Success
0:108  0:000  Loading VBoxHfs-64.efi  status=Success
0:108  0:000   - driver needs connecting
0:108  0:000  3 drivers needs connecting ...
0:108  0:000  PlatformDriverOverrideProtocol not found. Installing ... Success
0:108  0:000  Partition driver loaded: CD disconnect Success
0:108  0:000  HFS+ driver loaded
0:108  0:000  Searching for invalid DiskIo BY_DRIVER connects: not found, all ok
0:444  0:336  EmuVariable InstallEmulation: orig vars copied, emu.var.services installed, CreateEvent VirtualAddressChange = Success, CreateEvent ExitBootServices = Success, set Status=Success
0:464  0:020  === [ InitScreen ] ========================================
0:464  0:000  SetScreenResolution: 1366x768 - setting Mode 3
0:625  0:160  Video mode change to mode #3: Success
0:625  0:000  Console modes reported: 6, available modes:
0:625  0:000   - [01]: 80x25
0:625  0:000   - [03]: 128x40
0:625  0:000   - [04]: 80x25
0:625  0:000   - [05]: 100x31
0:625  0:000   - [06]: 170x40 (current mode)
0:625  0:000  SetScreenResolution: 1366x768 - already set
0:632  0:007  reinit: self device path=PciRoot(0x0)\Pci(0x1F,0x2)\Sata(0x0,0x0,0x0)\HD(1,GPT,7CF9E136-C7C3-49B1-9C90-631DB0C8CE13,0x28,0x64000)
0:634  0:001  === [ GetMacAddress ] =====================================
0:634  0:000   get legacy LAN MAC, 1 card found
0:634  0:000  Legacy MAC address of LAN #0= 20:6A:8A:E3:69:F3:
0:634  0:000  === [ ScanSPD ] ===========================================
0:634  0:000  SMBus device : 8086 1E22 class=0C0500 status=Success
0:634  0:000  SMBus CmdReg: 0x3
0:634  0:000  Scanning SMBus [8086:1E22], mmio: 0xF0714004, ioport: 0xEFA0, hostc: 0x1
0:634  0:000  Slots to scan [8]...
0:635  0:000  SPD[0]: Type 11 @0x50
0:653  0:018  DDR speed 1600MHz
0:653  0:000  Slot: 0 Type 24 8192MB 1600MHz Vendor=Kingston PartNo=99U5428-063.A00LF SerialNo=050B020C03060D0C
0:654  0:000  SPD[2]: Type 11 @0x52
0:673  0:018  DDR speed 1600MHz
0:673  0:000  Slot: 2 Type 24 4096MB 1600MHz Vendor=Elpida PartNo=EBJ40UG8BBU0-GN-F0 SerialNo=01000C020107060B
0:674  0:000  === [ GetAcpiTablesList ] =================================
0:674  0:000  Get Acpi Tables List from RSDT:
0:674  0:000   - [00]: FACP  ACRPRDCT len=244
0:674  0:000   - [01]: SLIC  ACRPRDCT len=374
0:674  0:000   - [02]: SSDT  PtidDevc len=505
0:674  0:000   - [03]: ASF!  ACRPRDCT len=165
0:674  0:000   - [04]: HPET  ACRPRDCT len=56
0:674  0:000   - [05]: APIC  ACRPRDCT len=152
0:674  0:000   - [06]: MCFG  ACRPRDCT len=60
0:674  0:000   - [07]: FPDT  ACRPRDCT len=84
0:674  0:000   - [08]: SSDT  Cpu0Ist len=2276
0:674  0:000   - [09]: SSDT  CpuPm len=2706
0:674  0:000   - [10]: UEFI  ACRPRDCT len=62
0:674  0:000   - [11]: UEFI  COMBUF len=66
0:674  0:000   - [12]: POAT  ACRPRDCT len=85
0:674  0:000   - [13]: UEFI  ACRPRDCT len=598
0:674  0:000  Calibrated TSC frequency =1795919914 =1795MHz
0:674  0:000  === [ GetUserSettings ] ===================================
0:674  0:000  USB FixOwnership: no
0:674  0:000   - final DSDT Fix mask=00001010
0:674  0:000  ChassisType: 0x8
0:674  0:000  Using smbios.plist at path: EFI\CLOVER\smbios.plist, Status=Not Found
0:674  0:000  === [ ScanVolumes ] =======================================
0:674  0:000  Found 4 volumes with blockIO
0:674  0:000  - [00]: Volume: PciRoot(0x0)\Pci(0x1F,0x2)\Sata(0x0,0x0,0x0)
0:676  0:001          Result of bootcode detection: bootable unknown (legacy)
0:676  0:000  - [01]: Volume: PciRoot(0x0)\Pci(0x1F,0x2)\Sata(0x4,0x0,0x0)
0:676  0:000          Found optical drive
0:676  0:000  - [02]: Volume: PciRoot(0x0)\Pci(0x1F,0x2)\Sata(0x0,0x0,0x0)\HD(1,GPT,7CF9E136-C7C3-49B1-9C90-631DB0C8CE13,0x28,0x64000)
0:676  0:000          Result of bootcode detection: bootable Clover (clover)
0:676  0:000          This is SelfVolume !!
0:676  0:000  - [03]: Volume: PciRoot(0x0)\Pci(0x1F,0x2)\Sata(0x0,0x0,0x0)\HD(2,GPT,76ED843F-37AD-43E1-A57B-4DD54E221260,0x64028,0x3A2E1FE0)
0:676  0:000  PutNvramPlistToRtVars: nvram.plist not found
0:676  0:000  === [ InitTheme ] =========================================
0:676  0:000  Using theme 'yosemitelogin' (EFI\CLOVER\themes\yosemitelogin)
0:676  0:000  OS main and drive as badge
0:679  0:002  Choosing theme yosemitelogin
0:679  0:000  found boot-args in NVRAM:kext-dev-mode=1, size=16
0:679  0:000  ...found arg:kext-dev-mode=1
0:679  0:000  after NVRAM boot-args=dart=0 -xcpm darkwake=0 nv_disable=1 kext-dev-mode=1 rootless=0
0:679  0:000  === [ AddCustomLegacy ] ===================================
0:679  0:000  Scanning legacy ...
0:679  0:000   0: 'Whole Disc Boot' (legacy) not legacy
0:679  0:000   1: 'Whole Disc Boot' (legacy) not legacy
0:679  0:000   2: 'EFI' (clover) add legacy
0:680  0:000  not png, try icns
0:681  0:001  not png, try icns
0:681  0:000   added 'Boot Clover from EFI' OSType=3 Icon=clover
0:681  0:000   3: 'macOS' (legacy) not legacy
0:681  0:000  === [ ScanLoader ] ========================================
0:681  0:000  - [02]: 'EFI'
0:682  0:000  not png, try icns
0:682  0:000  not png, try icns
0:682  0:000  not png, try icns
0:682  0:000  not png, try icns
0:683  0:000  not png, try icns
0:683  0:000  not png, try icns
0:683  0:000  not png, try icns
0:683  0:000  not png, try icns
0:683  0:000  not png, try icns
0:683  0:000  not png, try icns
0:683  0:000  not png, try icns
0:684  0:000  not png, try icns
0:687  0:003  - [03]: 'macOS'
0:688  0:001          AddLoaderEntry for Volume Name=macOS
0:690  0:001          hibernated: set as never
0:690  0:000  not png, try icns
0:690  0:000  not png, try icns
0:691  0:001  not png, try icns
0:691  0:000  not png, try icns
0:692  0:000  not png, try icns
0:692  0:000  not png, try icns
0:692  0:000  not png, try icns
0:692  0:000  not png, try icns
0:693  0:000  not png, try icns
0:693  0:000  not png, try icns
0:693  0:000  not png, try icns
0:693  0:000  not png, try icns
0:694  0:000  not png, try icns
0:694  0:000  not png, try icns
0:713  0:019  === [ AddCustomTool ] =====================================
0:714  0:000  found tool \EFI\CLOVER\tools\Shell64U.efi
0:714  0:000  Checking EFI partition Volume 2 for Clover
0:714  0:000   Found Clover
0:715  0:000  EmuVariable UninstallEmulation: CloseEvent = Success, original var services restored
0:716  0:000  === [ FindDefaultEntry ] ==================================
0:716  0:000  EmuVariable InstallEmulation: orig vars copied, emu.var.services installed, CreateEvent VirtualAddressChange = Success, CreateEvent ExitBootServices = Success, set Status=Success
0:736  0:020  === [ GetEfiBootDeviceFromNvram ] =========================
0:736  0:000  Default boot entry not found
0:736  0:000  EmuVariable UninstallEmulation: CloseEvent = Success, original var services restored
0:736  0:000  DefaultIndex=-1 and MainMenu.EntryCount=8
1:011  0:274  Found Mouse device:
1:011  0:000  GUI ready
